<?xml version="1.0" encoding="UTF-8"?>
<!-- Generated by org.testng.reporters.JUnitXMLReporter -->
<testsuite ignored="0" hostname="DESKTOP-N6P94DG" failures="0" tests="9" name="Test" time="0.196" errors="0" timestamp="2024-05-28T10:17:00 IST">
  <testcase classname="javaautomation_03_testng.TNG_15_TestSuite01" name="addVendor" time="0.007"/>
  <testcase classname="javaautomation_03_testng.TNG_15_TestSuite01" name="addProduct" time="0.002"/>
  <testcase classname="javaautomation_03_testng.TNG_15_TestSuite01" name="addCurrency" time="0.007"/>
  <testcase classname="javaautomation_03_testng.TNG_15_Testsuite02" name="deleteVendor" time="0.002"/>
  <testcase classname="javaautomation_03_testng.TNG_15_Testsuite02" name="deleteProduct" time="0.002"/>
  <testcase classname="javaautomation_03_testng.TNG_15_Testsuite02" name="deleteCurrency" time="0.004"/>
  <testcase classname="javaautomation_03_testng.TNG_15_Testsuite03" name="editVendor" time="0.007"/>
  <testcase classname="javaautomation_03_testng.TNG_15_Testsuite03" name="editProduct" time="0.004"/>
  <testcase classname="javaautomation_03_testng.TNG_15_Testsuite03" name="editCurrency" time="0.003"/>
</testsuite> <!-- Test -->
