<?xml version="1.0" encoding="UTF-8"?>
<!-- Generated by org.testng.reporters.JUnitXMLReporter -->
<testsuite ignored="0" hostname="DESKTOP-N6P94DG" failures="0" tests="3" name="Default test" time="107.845" errors="0" timestamp="2024-05-28T12:36:56 IST">
  <testcase classname="javaautomation_06_framework.Framework_01_Test" name="testCurrentUrl" time="0.025"/>
  <testcase classname="javaautomation_06_framework.Framework_01_Test" name="testHomePageTitle" time="0.024"/>
  <testcase classname="javaautomation_06_framework.Framework_01_Test" name="testPageSource" time="0.171"/>
</testsuite> <!-- Default test -->
