<?xml version="1.0" encoding="UTF-8"?>
<!-- Generated by org.testng.reporters.JUnitXMLReporter -->
<testsuite ignored="0" hostname="DESKTOP-N6P94DG" failures="0" tests="2" name="Google Tests" time="33.006" errors="0" timestamp="2024-05-28T13:19:58 IST">
  <testcase classname="javaautomation_06_framework.Framework_02_GoogleTest" name="testGmailLink" time="10.655"/>
  <testcase classname="javaautomation_06_framework.Framework_02_GoogleTest" name="testPartialGmailLink" time="11.477"/>
</testsuite> <!-- Google Tests -->
