<?xml version="1.0" encoding="UTF-8"?>
<!-- Generated by org.testng.reporters.JUnitXMLReporter -->
<testsuite ignored="0" hostname="DESKTOP-N6P94DG" failures="0" tests="2" name="SeleniumPages Tests" time="20.877" errors="0" timestamp="2024-05-28T13:21:02 IST">
  <testcase classname="javaautomation_06_framework.Framework_02_SeleniumTest" name="testCssSelector" time="8.74"/>
  <testcase classname="javaautomation_06_framework.Framework_02_SeleniumTest" name="testXpath" time="7.91"/>
</testsuite> <!-- SeleniumPages Tests -->
