<?xml version="1.0" encoding="UTF-8"?>
<testng-results ignored="0" total="6" passed="6" failed="0" skipped="0">
  <reporter-output>
  </reporter-output>
  <suite started-at="2024-05-28T13:19:06 IST" name="Selenium Tests Suite" finished-at="2024-05-28T13:21:02 IST" duration-ms="116339">
    <groups>
    </groups>
    <test started-at="2024-05-28T13:19:06 IST" name="BmiCalculator Tests" finished-at="2024-05-28T13:19:25 IST" duration-ms="19838">
      <class name="javaautomation_06_framework.Framework_02_BmiCalculatorTest">
        <test-method is-config="true" signature="setUp()[pri:0, instance:javaautomation_06_framework.Framework_02_BmiCalculatorTest@305ffe9e]" started-at="2024-05-28T13:19:06 IST" name="setUp" finished-at="2024-05-28T13:19:12 IST" duration-ms="6521" status="PASS">
          <reporter-output>
          </reporter-output>
        </test-method> <!-- setUp -->
        <test-method signature="testBmiCalculator()[pri:0, instance:javaautomation_06_framework.Framework_02_BmiCalculatorTest@305ffe9e]" started-at="2024-05-28T13:19:12 IST" name="testBmiCalculator" finished-at="2024-05-28T13:19:25 IST" duration-ms="12704" status="PASS">
          <reporter-output>
          </reporter-output>
        </test-method> <!-- testBmiCalculator -->
        <test-method is-config="true" signature="tearDown()[pri:0, instance:javaautomation_06_framework.Framework_02_BmiCalculatorTest@305ffe9e]" started-at="2024-05-28T13:19:25 IST" name="tearDown" finished-at="2024-05-28T13:19:25 IST" duration-ms="447" status="PASS">
          <reporter-output>
          </reporter-output>
        </test-method> <!-- tearDown -->
      </class> <!-- javaautomation_06_framework.Framework_02_BmiCalculatorTest -->
    </test> <!-- BmiCalculator Tests -->
    <test started-at="2024-05-28T13:19:25 IST" name="Google Tests" finished-at="2024-05-28T13:19:58 IST" duration-ms="33006">
      <class name="javaautomation_06_framework.Framework_02_GoogleTest">
        <test-method is-config="true" signature="setUp()[pri:0, instance:javaautomation_06_framework.Framework_02_GoogleTest@7dfb0c0f]" started-at="2024-05-28T13:19:25 IST" name="setUp" finished-at="2024-05-28T13:19:30 IST" duration-ms="4858" status="PASS">
          <reporter-output>
          </reporter-output>
        </test-method> <!-- setUp -->
        <test-method signature="testGmailLink()[pri:0, instance:javaautomation_06_framework.Framework_02_GoogleTest@7dfb0c0f]" started-at="2024-05-28T13:19:30 IST" name="testGmailLink" finished-at="2024-05-28T13:19:41 IST" duration-ms="10655" status="PASS">
          <reporter-output>
          </reporter-output>
        </test-method> <!-- testGmailLink -->
        <test-method is-config="true" signature="tearDown()[pri:0, instance:javaautomation_06_framework.Framework_02_GoogleTest@7dfb0c0f]" started-at="2024-05-28T13:19:41 IST" name="tearDown" finished-at="2024-05-28T13:19:42 IST" duration-ms="1327" status="PASS">
          <reporter-output>
          </reporter-output>
        </test-method> <!-- tearDown -->
        <test-method is-config="true" signature="setUp()[pri:0, instance:javaautomation_06_framework.Framework_02_GoogleTest@7dfb0c0f]" started-at="2024-05-28T13:19:42 IST" name="setUp" finished-at="2024-05-28T13:19:46 IST" duration-ms="3883" status="PASS">
          <reporter-output>
          </reporter-output>
        </test-method> <!-- setUp -->
        <test-method signature="testPartialGmailLink()[pri:0, instance:javaautomation_06_framework.Framework_02_GoogleTest@7dfb0c0f]" started-at="2024-05-28T13:19:46 IST" name="testPartialGmailLink" finished-at="2024-05-28T13:19:58 IST" duration-ms="11477" status="PASS">
          <reporter-output>
          </reporter-output>
        </test-method> <!-- testPartialGmailLink -->
        <test-method is-config="true" signature="tearDown()[pri:0, instance:javaautomation_06_framework.Framework_02_GoogleTest@7dfb0c0f]" started-at="2024-05-28T13:19:58 IST" name="tearDown" finished-at="2024-05-28T13:19:58 IST" duration-ms="769" status="PASS">
          <reporter-output>
          </reporter-output>
        </test-method> <!-- tearDown -->
      </class> <!-- javaautomation_06_framework.Framework_02_GoogleTest -->
    </test> <!-- Google Tests -->
    <test started-at="2024-05-28T13:19:58 IST" name="Rediff Tests" finished-at="2024-05-28T13:20:41 IST" duration-ms="42564">
      <class name="javaautomation_06_framework.Framework_02_RediffTest">
        <test-method is-config="true" signature="setUp()[pri:0, instance:javaautomation_06_framework.Framework_02_RediffTest@1a5a4e19]" started-at="2024-05-28T13:19:58 IST" name="setUp" finished-at="2024-05-28T13:20:32 IST" duration-ms="33428" status="PASS">
          <reporter-output>
          </reporter-output>
        </test-method> <!-- setUp -->
        <test-method signature="testSearch()[pri:0, instance:javaautomation_06_framework.Framework_02_RediffTest@1a5a4e19]" started-at="2024-05-28T13:20:32 IST" name="testSearch" finished-at="2024-05-28T13:20:41 IST" duration-ms="8705" status="PASS">
          <reporter-output>
          </reporter-output>
        </test-method> <!-- testSearch -->
        <test-method is-config="true" signature="tearDown()[pri:0, instance:javaautomation_06_framework.Framework_02_RediffTest@1a5a4e19]" started-at="2024-05-28T13:20:41 IST" name="tearDown" finished-at="2024-05-28T13:20:41 IST" duration-ms="423" status="PASS">
          <reporter-output>
          </reporter-output>
        </test-method> <!-- tearDown -->
      </class> <!-- javaautomation_06_framework.Framework_02_RediffTest -->
    </test> <!-- Rediff Tests -->
    <test started-at="2024-05-28T13:20:41 IST" name="SeleniumPages Tests" finished-at="2024-05-28T13:21:02 IST" duration-ms="20877">
      <class name="javaautomation_06_framework.Framework_02_SeleniumTest">
        <test-method is-config="true" signature="setUp()[pri:0, instance:javaautomation_06_framework.Framework_02_SeleniumTest@2438dcd]" started-at="2024-05-28T13:20:41 IST" name="setUp" finished-at="2024-05-28T13:20:43 IST" duration-ms="1761" status="PASS">
          <reporter-output>
          </reporter-output>
        </test-method> <!-- setUp -->
        <test-method signature="testCssSelector()[pri:0, instance:javaautomation_06_framework.Framework_02_SeleniumTest@2438dcd]" started-at="2024-05-28T13:20:43 IST" name="testCssSelector" finished-at="2024-05-28T13:20:52 IST" duration-ms="8740" status="PASS">
          <reporter-output>
          </reporter-output>
        </test-method> <!-- testCssSelector -->
        <test-method is-config="true" signature="tearDown()[pri:0, instance:javaautomation_06_framework.Framework_02_SeleniumTest@2438dcd]" started-at="2024-05-28T13:20:52 IST" name="tearDown" finished-at="2024-05-28T13:20:52 IST" duration-ms="386" status="PASS">
          <reporter-output>
          </reporter-output>
        </test-method> <!-- tearDown -->
        <test-method is-config="true" signature="setUp()[pri:0, instance:javaautomation_06_framework.Framework_02_SeleniumTest@2438dcd]" started-at="2024-05-28T13:20:52 IST" name="setUp" finished-at="2024-05-28T13:20:54 IST" duration-ms="1685" status="PASS">
          <reporter-output>
          </reporter-output>
        </test-method> <!-- setUp -->
        <test-method signature="testXpath()[pri:0, instance:javaautomation_06_framework.Framework_02_SeleniumTest@2438dcd]" started-at="2024-05-28T13:20:54 IST" name="testXpath" finished-at="2024-05-28T13:21:01 IST" duration-ms="7910" status="PASS">
          <reporter-output>
          </reporter-output>
        </test-method> <!-- testXpath -->
        <test-method is-config="true" signature="tearDown()[pri:0, instance:javaautomation_06_framework.Framework_02_SeleniumTest@2438dcd]" started-at="2024-05-28T13:21:01 IST" name="tearDown" finished-at="2024-05-28T13:21:02 IST" duration-ms="385" status="PASS">
          <reporter-output>
          </reporter-output>
        </test-method> <!-- tearDown -->
      </class> <!-- javaautomation_06_framework.Framework_02_SeleniumTest -->
    </test> <!-- SeleniumPages Tests -->
  </suite> <!-- Selenium Tests Suite -->
</testng-results>
